{
  "go_tests": {
    "logger": {
      "status": "passed",
      "output": "=== RUN   TestLogLevel_String\n=== RUN   TestLogLevel_String/DEBUG\n=== RUN   TestLogLevel_String/INFO\n=== RUN   TestLogLevel_String/WARN\n=== RUN   TestLogLevel_String/ERROR\n=== RUN   TestLogLevel_String/FATAL\n=== RUN   TestLogLevel_String/UNKNOWN\n--- PASS: TestLogLevel_String (0.00s)\n    --- PASS: TestLogLevel_String/DEBUG (0.00s)\n    --- PASS: TestLogLevel_String/INFO (0.00s)\n    --- PASS: TestLogLevel_String/WARN (0.00s)\n    --- PASS: TestLogLevel_String/ERROR (0.00s)\n    --- PASS: TestLogLevel_String/FATAL (0.00s)\n    --- PASS: TestLogLevel_String/UNKNOWN (0.00s)\n=== RUN   TestParseLogLevel\n=== RUN   TestParseLogLevel/DEBUG\n=== RUN   TestParseLogLevel/INFO\n=== RUN   TestParseLogLevel/WARN\n=== RUN   TestParseLogLevel/WARNING\n=== RUN   TestParseLogLevel/ERROR\n=== RUN   TestParseLogLevel/FATAL\n=== RUN   TestParseLogLevel/INVALID\n=== RUN   TestParseLogLevel/#00\n--- PASS: TestParseLogLevel (0.00s)\n    --- PASS: TestParseLogLevel/DEBUG (0.00s)\n    --- PASS: TestParseLogLevel/INFO (0.00s)\n    --- PASS: TestParseLogLevel/WARN (0.00s)\n    --- PASS: TestParseLogLevel/WARNING (0.00s)\n    --- PASS: TestParseLogLevel/ERROR (0.00s)\n    --- PASS: TestParseLogLevel/FATAL (0.00s)\n    --- PASS: TestParseLogLevel/INVALID (0.00s)\n    --- PASS: TestParseLogLevel/#00 (0.00s)\n=== RUN   TestParseLogFormat\n=== RUN   TestParseLogFormat/JSON\n=== RUN   TestParseLogFormat/TEXT\n=== RUN   TestParseLogFormat/INVALID\n=== RUN   TestParseLogFormat/#00\n--- PASS: TestParseLogFormat (0.00s)\n    --- PASS: TestParseLogFormat/JSON (0.00s)\n    --- PASS: TestParseLogFormat/TEXT (0.00s)\n    --- PASS: TestParseLogFormat/INVALID (0.00s)\n    --- PASS: TestParseLogFormat/#00 (0.00s)\n=== RUN   TestNew\n--- PASS: TestNew (0.00s)\n=== RUN   TestNewFromEnv\n--- PASS: TestNewFromEnv (0.00s)\n=== RUN   TestNewFromEnvDefaults\n--- PASS: TestNewFromEnvDefaults (0.00s)\n=== RUN   TestLogger_WithFields\n--- PASS: TestLogger_WithFields (0.00s)\n=== RUN   TestLogger_WithField\n--- PASS: TestLogger_WithField (0.00s)\n=== RUN   TestLogger_WithError\n--- PASS: TestLogger_WithError (0.00s)\n=== RUN   TestLogger_WithDuration\n--- PASS: TestLogger_WithDuration (0.00s)\n=== RUN   TestLogger_WithComponent\n--- PASS: TestLogger_WithComponent (0.00s)\n=== RUN   TestLogger_JSONOutput\n--- PASS: TestLogger_JSONOutput (0.00s)\n=== RUN   TestLogger_TextOutput\n--- PASS: TestLogger_TextOutput (0.00s)\n=== RUN   TestLogger_LogLevels\n--- PASS: TestLogger_LogLevels (0.00s)\n=== RUN   TestLogger_WithContext\n--- PASS: TestLogger_WithContext (0.00s)\n=== RUN   TestLogger_FormattedMethods\n--- PASS: TestLogger_FormattedMethods (0.00s)\n=== RUN   TestLogger_SpecializedMethods\n--- PASS: TestLogger_SpecializedMethods (0.00s)\n=== RUN   TestContextHelpers\n--- PASS: TestContextHelpers (0.00s)\n=== RUN   TestDefaultLogger\n{\"timestamp\":\"2025-09-07T16:59:55.085936559Z\",\"level\":\"INFO\",\"message\":\"info message\",\"service\":\"test-service\",\"component\":\"test-component\",\"file\":\"logger.go\",\"line\":562,\"function\":\"logger.Info\"}\n{\"timestamp\":\"2025-09-07T16:59:55.08594314Z\",\"level\":\"WARN\",\"message\":\"warn message\",\"service\":\"test-service\",\"component\":\"test-component\",\"file\":\"logger.go\",\"line\":574,\"function\":\"logger.Warn\"}\n{\"timestamp\":\"2025-09-07T16:59:55.085947363Z\",\"level\":\"ERROR\",\"message\":\"error message\",\"service\":\"test-service\",\"component\":\"test-component\",\"file\":\"logger.go\",\"line\":586,\"function\":\"logger.Error\"}\n{\"timestamp\":\"2025-09-07T16:59:55.085951587Z\",\"level\":\"INFO\",\"message\":\"info formatted\",\"service\":\"test-service\",\"component\":\"test-component\",\"file\":\"logger.go\",\"line\":568,\"function\":\"logger.Infof\"}\n{\"timestamp\":\"2025-09-07T16:59:55.085955712Z\",\"level\":\"WARN\",\"message\":\"warn formatted\",\"service\":\"test-service\",\"component\":\"test-component\",\"file\":\"logger.go\",\"line\":580,\"function\":\"logger.Warnf\"}\n{\"timestamp\":\"2025-09-07T16:59:55.085959935Z\",\"level\":\"ERROR\",\"message\":\"error formatted\",\"service\":\"test-service\",\"component\":\"test-component\",\"file\":\"logger.go\",\"line\":592,\"function\":\"logger.Errorf\"}\n--- PASS: TestDefaultLogger (0.00s)\n=== RUN   TestGetEnv\n--- PASS: TestGetEnv (0.00s)\n=== RUN   TestGetCaller\n--- PASS: TestGetCaller (0.00s)\nPASS\ncoverage: 81.4% of statements\nok  \tlog-processing-system/services/log-ingestion/logger\t0.005s\n",
      "coverage": "coverage: 81.4% of statements",
      "duration": "Duration not found"
    },
    "middleware": {
      "status": "failed",
      "output": "FAIL\tlog-processing-system/services/log-ingestion/middleware [build failed]\n# log-processing-system/services/log-ingestion/middleware [log-processing-system/services/log-ingestion/middleware.test]\n./logging.go:4:2: \"context\" imported and not used\n",
      "error": "Tests failed"
    },
    "handlers": {
      "status": "failed",
      "output": "FAIL\tlog-processing-system/services/log-ingestion/handlers [build failed]\n# log-processing-system/services/log-ingestion/handlers [log-processing-system/services/log-ingestion/handlers.test]\n./ingestion_test.go:202:2: mockDB declared and not used\n./ingestion_test.go:230:2: mockDB declared and not used\n./ingestion_test.go:287:2: mockDB declared and not used\n./ingestion_test.go:348:2: mockDB declared and not used\n",
      "error": "Tests failed"
    },
    "benchmarks": {
      "status": "failed",
      "output": "FAIL\tlog-processing-system/services/log-ingestion [build failed]\n?   \tlog-processing-system/services/log-ingestion/config\t[no test files]\n?   \tlog-processing-system/services/log-ingestion/database\t[no test files]\nFAIL\tlog-processing-system/services/log-ingestion/handlers [build failed]\n{\"timestamp\":\"2025-09-07T16:59:56.332113892Z\",\"level\":\"INFO\",\"message\":\"info message\",\"service\":\"test-service\",\"component\":\"test-component\",\"file\":\"logger.go\",\"line\":562,\"function\":\"logger.Info\"}\n{\"timestamp\":\"2025-09-07T16:59:56.332143646Z\",\"level\":\"WARN\",\"message\":\"warn message\",\"service\":\"test-service\",\"component\":\"test-component\",\"file\":\"logger.go\",\"line\":574,\"function\":\"logger.Warn\"}\n{\"timestamp\":\"2025-09-07T16:59:56.33215052Z\",\"level\":\"ERROR\",\"message\":\"error message\",\"service\":\"test-service\",\"component\":\"test-component\",\"file\":\"logger.go\",\"line\":586,\"function\":\"logger.Error\"}\n{\"timestamp\":\"2025-09-07T16:59:56.33215543Z\",\"level\":\"INFO\",\"message\":\"info formatted\",\"service\":\"test-service\",\"component\":\"test-component\",\"file\":\"logger.go\",\"line\":568,\"function\":\"logger.Infof\"}\n{\"timestamp\":\"2025-09-07T16:59:56.332159554Z\",\"level\":\"WARN\",\"message\":\"warn formatted\",\"service\":\"test-service\",\"component\":\"test-component\",\"file\":\"logger.go\",\"line\":580,\"function\":\"logger.Warnf\"}\n{\"timestamp\":\"2025-09-07T16:59:56.332163874Z\",\"level\":\"ERROR\",\"message\":\"error formatted\",\"service\":\"test-service\",\"component\":\"test-component\",\"file\":\"logger.go\",\"line\":592,\"function\":\"logger.Errorf\"}\ngoos: linux\ngoarch: amd64\npkg: log-processing-system/services/log-ingestion/logger\ncpu: Intel(R) Core(TM) i7-8750H CPU @ 2.20GHz\nBenchmarkLogger_Info-12              \t  487021\t      2608 ns/op\t    1583 B/op\t       8 allocs/op\nBenchmarkLogger_InfoWithFields-12    \t  281032\t      3974 ns/op\t    2605 B/op\t      18 allocs/op\nBenchmarkLogger_JSONMarshal-12       \t  637023\t      1906 ns/op\t     768 B/op\t      10 allocs/op\nPASS\nok  \tlog-processing-system/services/log-ingestion/logger\t3.721s\nFAIL\tlog-processing-system/services/log-ingestion/middleware [build failed]\n?   \tlog-processing-system/services/log-ingestion/models\t[no test files]\nFAIL\n# log-processing-system/services/log-ingestion/middleware\nmiddleware/logging.go:4:2: \"context\" imported and not used\n# log-processing-system/services/log-ingestion/handlers [log-processing-system/services/log-ingestion/handlers.test]\nhandlers/ingestion_test.go:202:2: mockDB declared and not used\nhandlers/ingestion_test.go:230:2: mockDB declared and not used\nhandlers/ingestion_test.go:287:2: mockDB declared and not used\nhandlers/ingestion_test.go:348:2: mockDB declared and not used\n"
    }
  },
  "python_tests": {
    "structured_logger": {
      "status": "passed",
      "output": "test_exception_handler_decorator (__main__.TestDecorators.test_exception_handler_decorator)\nTest exception handler decorator ... ok\ntest_performance_monitor_decorator (__main__.TestDecorators.test_performance_monitor_decorator)\nTest performance monitoring decorator ... ok\ntest_performance_monitor_with_exception (__main__.TestDecorators.test_performance_monitor_with_exception)\nTest performance monitoring decorator with exception ... ok\ntest_create_logger_from_env (__main__.TestEnvironmentIntegration.test_create_logger_from_env)\nTest logger creation from environment variables ... ok\ntest_default_logger_initialization (__main__.TestEnvironmentIntegration.test_default_logger_initialization)\nTest default logger initialization and usage ... ok\ntest_default_logger_not_initialized (__main__.TestEnvironmentIntegration.test_default_logger_not_initialized)\nTest error when using default logger before initialization ... ok\ntest_json_serialization_error_handling (__main__.TestErrorHandling.test_json_serialization_error_handling)\nTest handling of non-serializable objects in logs ... ok\ntest_logger_with_invalid_output_file (__main__.TestErrorHandling.test_logger_with_invalid_output_file)\nTest logger creation with invalid output file ... ok\ntest_log_context_manager (__main__.TestLogContext.test_log_context_manager)\nTest log context manager ... ok\ntest_nested_contexts (__main__.TestLogContext.test_nested_contexts)\nTest nested log contexts ... ok\ntest_format_basic_log (__main__.TestStructuredFormatter.test_format_basic_log)\nTest basic log formatting ... ok\ntest_format_with_exception (__main__.TestStructuredFormatter.test_format_with_exception)\nTest log formatting with exception ... ok\ntest_format_with_extra_fields (__main__.TestStructuredFormatter.test_format_with_extra_fields)\nTest log formatting with extra fields ... ok\ntest_format_with_thread_context (__main__.TestStructuredFormatter.test_format_with_thread_context)\nTest log formatting with thread context ... ok\ntest_basic_logging_methods (__main__.TestStructuredLogger.test_basic_logging_methods)\nTest basic logging methods ... ok\ntest_component_override (__main__.TestStructuredLogger.test_component_override)\nTest with_component method ... ok\ntest_log_levels (__main__.TestStructuredLogger.test_log_levels)\nTest log level filtering ... ok\ntest_logging_with_fields (__main__.TestStructuredLogger.test_logging_with_fields)\nTest logging with additional fields ... ok\ntest_specialized_logging_methods (__main__.TestStructuredLogger.test_specialized_logging_methods)\nTest specialized logging methods ... ok\ntest_with_fields_context (__main__.TestStructuredLogger.test_with_fields_context)\nTest with_fields context manager ... ok\ntest_format_basic_log (__main__.TestTextFormatter.test_format_basic_log)\nTest basic text log formatting ... ok\ntest_text_format_output (__main__.TestTextOutput.test_text_format_output)\nTest text format output ... ok\n\n----------------------------------------------------------------------\nRan 22 tests in 0.028s\n\nOK\n",
      "duration": "Ran 22 tests in 0.028s"
    }
  },
  "integration_tests": {
    "integration": {
      "status": "failed",
      "output": "Import error: No module named 'psycopg2'\nMake sure all required modules are available\n",
      "error": "Tests failed"
    }
  },
  "performance_tests": {
    "logging_functionality": {
      "status": "passed",
      "output": "============================================================\nSTRUCTURED LOGGING COMPREHENSIVE TEST\n============================================================\nTesting basic logging functionality...\n{\"timestamp\": \"2025-09-07T17:00:00.493574Z\", \"level\": \"DEBUG\", \"message\": \"This is a debug message\", \"service\": \"test-service\", \"component\": \"basic-test\", \"file\": \"structured_logger.py\", \"line\": 166, \"function\": \"debug\", \"fields\": {\"taskName\": null, \"test_field\": \"debug_value\"}}\n{\"timestamp\": \"2025-09-07T17:00:00.493725Z\", \"level\": \"INFO\", \"message\": \"This is an info message\", \"service\": \"test-service\", \"component\": \"basic-test\", \"file\": \"structured_logger.py\", \"line\": 170, \"function\": \"info\", \"fields\": {\"taskName\": null, \"test_field\": \"info_value\"}}\n{\"timestamp\": \"2025-09-07T17:00:00.493788Z\", \"level\": \"WARNING\", \"message\": \"This is a warning message\", \"service\": \"test-service\", \"component\": \"basic-test\", \"file\": \"structured_logger.py\", \"line\": 174, \"function\": \"warning\", \"fields\": {\"taskName\": null, \"test_field\": \"warning_value\"}}\n{\"timestamp\": \"2025-09-07T17:00:00.493855Z\", \"level\": \"ERROR\", \"message\": \"This is an error message\", \"service\": \"test-service\", \"component\": \"basic-test\", \"file\": \"structured_logger.py\", \"line\": 178, \"function\": \"error\", \"fields\": {\"taskName\": null, \"test_field\": \"error_value\"}}\n\u2713 Basic logging test completed\n\nTesting context-aware logging...\n{\"timestamp\": \"2025-09-07T17:00:00.493944Z\", \"level\": \"INFO\", \"message\": \"Message with context\", \"service\": \"test-service\", \"component\": \"context-test\", \"file\": \"structured_logger.py\", \"line\": 170, \"function\": \"info\", \"fields\": {\"taskName\": null}, \"operation\": \"test_operation\", \"session_id\": \"session-123\"}\n{\"timestamp\": \"2025-09-07T17:00:00.494014Z\", \"level\": \"INFO\", \"message\": \"Message with additional fields\", \"service\": \"test-service\", \"component\": \"context-test\", \"file\": \"structured_logger.py\", \"line\": 170, \"function\": \"info\", \"fields\": {\"taskName\": null}, \"operation\": \"test_operation\", \"session_id\": \"session-123\", \"user_id\": \"user-456\", \"action\": \"data_processing\"}\n{\"timestamp\": \"2025-09-07T17:00:00.494065Z\", \"level\": \"ERROR\", \"message\": \"Caught test exception\", \"service\": \"test-service\", \"component\": \"context-test\", \"file\": \"structured_logger.py\", \"line\": 186, \"function\": \"exception\", \"exception\": {\"type\": \"ValueError\", \"message\": \"Test exception\", \"traceback\": [\"Traceback (most recent call last):\\n\", \"  File \\\"/mnt/c/Users/karol/Desktop/porfolio/LogProcessiingSystem/test_logging.py\\\", line 50, in test_context_logging\\n    raise ValueError(\\\"Test exception\\\")\\n\", \"ValueError: Test exception\\n\"]}, \"fields\": {\"taskName\": null}, \"operation\": \"test_operation\", \"session_id\": \"session-123\", \"user_id\": \"user-456\", \"action\": \"data_processing\"}\n\u2713 Context logging test completed\n\nTesting performance monitoring...\n{\"timestamp\": \"2025-09-07T17:00:00.501406Z\", \"level\": \"DEBUG\", \"message\": \"Starting operation: test_slow_operation\", \"service\": \"test-service\", \"component\": \"performance-test\", \"file\": \"structured_logger.py\", \"line\": 166, \"function\": \"debug\", \"fields\": {\"taskName\": null}}\n{\"timestamp\": \"2025-09-07T17:00:00.601680Z\", \"level\": \"INFO\", \"message\": \"Performance: test_slow_operation\", \"service\": \"test-service\", \"component\": \"performance-test\", \"file\": \"structured_logger.py\", \"line\": 170, \"function\": \"info\", \"fields\": {\"taskName\": null, \"operation\": \"test_slow_operation\", \"duration_ms\": 100.23236274719238, \"status\": \"success\"}}\n{\"timestamp\": \"2025-09-07T17:00:00.601833Z\", \"level\": \"INFO\", \"message\": \"Performance test completed\", \"service\": \"test-service\", \"component\": \"performance-test\", \"file\": \"structured_logger.py\", \"line\": 170, \"function\": \"info\", \"fields\": {\"taskName\": null, \"result\": \"operation completed\"}}\n\u2713 Performance monitoring test completed\n\nTesting business event logging...\n\u274c Test failed with error: StructuredLogger.log_business_event() takes 3 positional arguments but 4 were given\nTraceback (most recent call last):\n  File \"/mnt/c/Users/karol/Desktop/porfolio/LogProcessiingSystem/test_logging.py\", line 230, in run_comprehensive_test\n    test_business_events()\n  File \"/mnt/c/Users/karol/Desktop/porfolio/LogProcessiingSystem/test_logging.py\", line 79, in test_business_events\n    logger.log_business_event(\"user_login\", \"user-123\", {\nTypeError: StructuredLogger.log_business_event() takes 3 positional arguments but 4 were given\n"
    }
  },
  "total_duration": 5.922451496124268,
  "summary": {
    "total_tests": 0,
    "passed": 0,
    "failed": 0,
    "skipped": 0
  }
}