mode: set
log-processing-system/services/log-ingestion/logger/logger.go:26.35,27.11 1 1
log-processing-system/services/log-ingestion/logger/logger.go:28.13,29.17 1 1
log-processing-system/services/log-ingestion/logger/logger.go:30.12,31.16 1 1
log-processing-system/services/log-ingestion/logger/logger.go:32.12,33.16 1 1
log-processing-system/services/log-ingestion/logger/logger.go:34.13,35.17 1 1
log-processing-system/services/log-ingestion/logger/logger.go:36.13,37.17 1 1
log-processing-system/services/log-ingestion/logger/logger.go:38.10,39.19 1 1
log-processing-system/services/log-ingestion/logger/logger.go:100.33,111.54 2 1
log-processing-system/services/log-ingestion/logger/logger.go:111.54,112.101 1 0
log-processing-system/services/log-ingestion/logger/logger.go:112.101,114.4 1 0
log-processing-system/services/log-ingestion/logger/logger.go:118.2,118.26 1 1
log-processing-system/services/log-ingestion/logger/logger.go:118.26,119.35 1 1
log-processing-system/services/log-ingestion/logger/logger.go:119.35,121.4 1 1
log-processing-system/services/log-ingestion/logger/logger.go:124.2,124.15 1 1
log-processing-system/services/log-ingestion/logger/logger.go:128.52,138.2 2 1
log-processing-system/services/log-ingestion/logger/logger.go:141.68,152.29 2 1
log-processing-system/services/log-ingestion/logger/logger.go:152.29,154.3 1 0
log-processing-system/services/log-ingestion/logger/logger.go:157.2,157.27 1 1
log-processing-system/services/log-ingestion/logger/logger.go:157.27,159.3 1 1
log-processing-system/services/log-ingestion/logger/logger.go:161.2,161.18 1 1
log-processing-system/services/log-ingestion/logger/logger.go:165.67,167.2 1 1
log-processing-system/services/log-ingestion/logger/logger.go:170.47,171.16 1 1
log-processing-system/services/log-ingestion/logger/logger.go:171.16,173.3 1 1
log-processing-system/services/log-ingestion/logger/logger.go:174.2,174.10 1 1
log-processing-system/services/log-ingestion/logger/logger.go:178.63,180.2 1 1
log-processing-system/services/log-ingestion/logger/logger.go:183.58,187.2 3 1
log-processing-system/services/log-ingestion/logger/logger.go:190.41,192.2 1 0
log-processing-system/services/log-ingestion/logger/logger.go:195.40,197.2 1 1
log-processing-system/services/log-ingestion/logger/logger.go:200.61,202.2 1 1
log-processing-system/services/log-ingestion/logger/logger.go:205.68,207.2 1 0
log-processing-system/services/log-ingestion/logger/logger.go:210.39,212.2 1 1
log-processing-system/services/log-ingestion/logger/logger.go:215.60,217.2 1 1
log-processing-system/services/log-ingestion/logger/logger.go:220.67,222.2 1 1
log-processing-system/services/log-ingestion/logger/logger.go:225.39,227.2 1 1
log-processing-system/services/log-ingestion/logger/logger.go:230.60,232.2 1 1
log-processing-system/services/log-ingestion/logger/logger.go:235.67,237.2 1 0
log-processing-system/services/log-ingestion/logger/logger.go:240.40,242.2 1 1
log-processing-system/services/log-ingestion/logger/logger.go:245.61,247.2 1 1
log-processing-system/services/log-ingestion/logger/logger.go:250.68,252.2 1 0
log-processing-system/services/log-ingestion/logger/logger.go:255.40,258.2 2 0
log-processing-system/services/log-ingestion/logger/logger.go:261.61,264.2 2 0
log-processing-system/services/log-ingestion/logger/logger.go:267.117,276.2 1 1
log-processing-system/services/log-ingestion/logger/logger.go:279.108,286.2 1 1
log-processing-system/services/log-ingestion/logger/logger.go:289.97,295.27 2 1
log-processing-system/services/log-ingestion/logger/logger.go:295.27,297.3 1 1
log-processing-system/services/log-ingestion/logger/logger.go:299.2,299.57 1 1
log-processing-system/services/log-ingestion/logger/logger.go:303.90,304.21 1 1
log-processing-system/services/log-ingestion/logger/logger.go:304.21,306.3 1 1
log-processing-system/services/log-ingestion/logger/logger.go:309.2,324.29 3 1
log-processing-system/services/log-ingestion/logger/logger.go:324.29,326.3 1 1
log-processing-system/services/log-ingestion/logger/logger.go:329.2,329.24 1 1
log-processing-system/services/log-ingestion/logger/logger.go:329.24,330.33 1 0
log-processing-system/services/log-ingestion/logger/logger.go:330.33,332.4 1 0
log-processing-system/services/log-ingestion/logger/logger.go:336.2,336.28 1 1
log-processing-system/services/log-ingestion/logger/logger.go:336.28,338.3 1 1
log-processing-system/services/log-ingestion/logger/logger.go:340.2,340.21 1 1
log-processing-system/services/log-ingestion/logger/logger.go:344.122,345.21 1 1
log-processing-system/services/log-ingestion/logger/logger.go:345.21,347.3 1 0
log-processing-system/services/log-ingestion/logger/logger.go:350.2,365.63 3 1
log-processing-system/services/log-ingestion/logger/logger.go:365.63,367.3 1 1
log-processing-system/services/log-ingestion/logger/logger.go:368.2,368.60 1 1
log-processing-system/services/log-ingestion/logger/logger.go:368.60,370.3 1 1
log-processing-system/services/log-ingestion/logger/logger.go:371.2,371.69 1 1
log-processing-system/services/log-ingestion/logger/logger.go:371.69,373.3 1 1
log-processing-system/services/log-ingestion/logger/logger.go:376.2,376.29 1 1
log-processing-system/services/log-ingestion/logger/logger.go:376.29,378.3 1 0
log-processing-system/services/log-ingestion/logger/logger.go:381.2,381.24 1 1
log-processing-system/services/log-ingestion/logger/logger.go:381.24,382.33 1 0
log-processing-system/services/log-ingestion/logger/logger.go:382.33,384.4 1 0
log-processing-system/services/log-ingestion/logger/logger.go:388.2,388.28 1 1
log-processing-system/services/log-ingestion/logger/logger.go:388.28,390.3 1 1
log-processing-system/services/log-ingestion/logger/logger.go:392.2,392.21 1 1
log-processing-system/services/log-ingestion/logger/logger.go:396.45,399.18 2 1
log-processing-system/services/log-ingestion/logger/logger.go:400.12,401.56 1 1
log-processing-system/services/log-ingestion/logger/logger.go:401.56,403.4 1 1
log-processing-system/services/log-ingestion/logger/logger.go:403.9,406.4 1 0
log-processing-system/services/log-ingestion/logger/logger.go:407.12,408.36 1 1
log-processing-system/services/log-ingestion/logger/logger.go:411.2,411.32 1 1
log-processing-system/services/log-ingestion/logger/logger.go:415.57,422.25 3 1
log-processing-system/services/log-ingestion/logger/logger.go:422.25,424.3 1 0
log-processing-system/services/log-ingestion/logger/logger.go:425.2,425.27 1 1
log-processing-system/services/log-ingestion/logger/logger.go:425.27,427.3 1 0
log-processing-system/services/log-ingestion/logger/logger.go:428.2,428.24 1 1
log-processing-system/services/log-ingestion/logger/logger.go:428.24,430.3 1 0
log-processing-system/services/log-ingestion/logger/logger.go:432.2,432.50 1 1
log-processing-system/services/log-ingestion/logger/logger.go:432.50,433.64 1 0
log-processing-system/services/log-ingestion/logger/logger.go:433.64,435.4 1 0
log-processing-system/services/log-ingestion/logger/logger.go:438.2,438.16 1 1
log-processing-system/services/log-ingestion/logger/logger.go:442.59,445.9 2 1
log-processing-system/services/log-ingestion/logger/logger.go:445.9,447.3 1 0
log-processing-system/services/log-ingestion/logger/logger.go:449.2,451.44 2 1
log-processing-system/services/log-ingestion/logger/logger.go:451.44,453.3 1 1
log-processing-system/services/log-ingestion/logger/logger.go:453.8,455.3 1 0
log-processing-system/services/log-ingestion/logger/logger.go:457.2,457.29 1 1
log-processing-system/services/log-ingestion/logger/logger.go:462.43,463.15 1 1
log-processing-system/services/log-ingestion/logger/logger.go:464.15,465.15 1 1
log-processing-system/services/log-ingestion/logger/logger.go:466.14,467.14 1 1
log-processing-system/services/log-ingestion/logger/logger.go:468.25,469.14 1 1
log-processing-system/services/log-ingestion/logger/logger.go:470.15,471.15 1 1
log-processing-system/services/log-ingestion/logger/logger.go:472.15,473.15 1 1
log-processing-system/services/log-ingestion/logger/logger.go:474.10,475.14 1 1
log-processing-system/services/log-ingestion/logger/logger.go:479.46,480.16 1 1
log-processing-system/services/log-ingestion/logger/logger.go:481.14,482.14 1 1
log-processing-system/services/log-ingestion/logger/logger.go:483.14,484.14 1 1
log-processing-system/services/log-ingestion/logger/logger.go:485.10,486.14 1 1
log-processing-system/services/log-ingestion/logger/logger.go:490.46,491.42 1 1
log-processing-system/services/log-ingestion/logger/logger.go:491.42,493.3 1 1
log-processing-system/services/log-ingestion/logger/logger.go:494.2,494.21 1 1
log-processing-system/services/log-ingestion/logger/logger.go:497.65,498.43 1 1
log-processing-system/services/log-ingestion/logger/logger.go:498.43,499.36 1 1
log-processing-system/services/log-ingestion/logger/logger.go:499.36,501.4 1 1
log-processing-system/services/log-ingestion/logger/logger.go:503.2,503.11 1 1
log-processing-system/services/log-ingestion/logger/logger.go:509.71,511.2 1 1
log-processing-system/services/log-ingestion/logger/logger.go:514.69,516.2 1 1
log-processing-system/services/log-ingestion/logger/logger.go:519.75,521.2 1 1
log-processing-system/services/log-ingestion/logger/logger.go:524.45,526.2 1 1
log-processing-system/services/log-ingestion/logger/logger.go:529.44,531.2 1 1
log-processing-system/services/log-ingestion/logger/logger.go:534.47,536.2 1 1
log-processing-system/services/log-ingestion/logger/logger.go:542.45,544.2 1 1
log-processing-system/services/log-ingestion/logger/logger.go:548.28,549.26 1 1
log-processing-system/services/log-ingestion/logger/logger.go:549.26,551.3 1 1
log-processing-system/services/log-ingestion/logger/logger.go:554.49,555.26 1 1
log-processing-system/services/log-ingestion/logger/logger.go:555.26,557.3 1 1
log-processing-system/services/log-ingestion/logger/logger.go:560.27,561.26 1 1
log-processing-system/services/log-ingestion/logger/logger.go:561.26,563.3 1 1
log-processing-system/services/log-ingestion/logger/logger.go:566.48,567.26 1 1
log-processing-system/services/log-ingestion/logger/logger.go:567.26,569.3 1 1
log-processing-system/services/log-ingestion/logger/logger.go:572.27,573.26 1 1
log-processing-system/services/log-ingestion/logger/logger.go:573.26,575.3 1 1
log-processing-system/services/log-ingestion/logger/logger.go:578.48,579.26 1 1
log-processing-system/services/log-ingestion/logger/logger.go:579.26,581.3 1 1
log-processing-system/services/log-ingestion/logger/logger.go:584.28,585.26 1 1
log-processing-system/services/log-ingestion/logger/logger.go:585.26,587.3 1 1
log-processing-system/services/log-ingestion/logger/logger.go:590.49,591.26 1 1
log-processing-system/services/log-ingestion/logger/logger.go:591.26,593.3 1 1
log-processing-system/services/log-ingestion/logger/logger.go:596.28,597.26 1 0
log-processing-system/services/log-ingestion/logger/logger.go:597.26,599.3 1 0
log-processing-system/services/log-ingestion/logger/logger.go:602.49,603.26 1 0
log-processing-system/services/log-ingestion/logger/logger.go:603.26,605.3 1 0
