mode: set
log-processing-system/services/log-ingestion/logger/logger.go:26.35,27.11 1 1
log-processing-system/services/log-ingestion/logger/logger.go:28.13,29.17 1 1
log-processing-system/services/log-ingestion/logger/logger.go:30.12,31.16 1 1
log-processing-system/services/log-ingestion/logger/logger.go:32.12,33.16 1 1
log-processing-system/services/log-ingestion/logger/logger.go:34.13,35.17 1 1
log-processing-system/services/log-ingestion/logger/logger.go:36.13,37.17 1 1
log-processing-system/services/log-ingestion/logger/logger.go:38.10,39.19 1 1
log-processing-system/services/log-ingestion/logger/logger.go:100.33,111.54 2 1
log-processing-system/services/log-ingestion/logger/logger.go:111.54,112.101 1 0
log-processing-system/services/log-ingestion/logger/logger.go:112.101,114.4 1 0
log-processing-system/services/log-ingestion/logger/logger.go:118.2,118.26 1 1
log-processing-system/services/log-ingestion/logger/logger.go:118.26,119.35 1 1
log-processing-system/services/log-ingestion/logger/logger.go:119.35,121.4 1 1
log-processing-system/services/log-ingestion/logger/logger.go:124.2,124.15 1 1
log-processing-system/services/log-ingestion/logger/logger.go:128.52,138.2 2 1
log-processing-system/services/log-ingestion/logger/logger.go:141.68,152.29 2 1
log-processing-system/services/log-ingestion/logger/logger.go:152.29,154.3 1 0
log-processing-system/services/log-ingestion/logger/logger.go:157.2,157.27 1 1
log-processing-system/services/log-ingestion/logger/logger.go:157.27,159.3 1 1
log-processing-system/services/log-ingestion/logger/logger.go:161.2,161.18 1 1
log-processing-system/services/log-ingestion/logger/logger.go:165.67,167.2 1 1
log-processing-system/services/log-ingestion/logger/logger.go:170.47,171.16 1 1
log-processing-system/services/log-ingestion/logger/logger.go:171.16,173.3 1 1
log-processing-system/services/log-ingestion/logger/logger.go:174.2,174.10 1 1
log-processing-system/services/log-ingestion/logger/logger.go:178.63,180.2 1 1
log-processing-system/services/log-ingestion/logger/logger.go:183.58,187.2 3 1
log-processing-system/services/log-ingestion/logger/logger.go:190.40,192.2 1 1
log-processing-system/services/log-ingestion/logger/logger.go:195.61,197.2 1 1
log-processing-system/services/log-ingestion/logger/logger.go:200.68,202.2 1 0
log-processing-system/services/log-ingestion/logger/logger.go:205.39,207.2 1 1
log-processing-system/services/log-ingestion/logger/logger.go:210.60,212.2 1 1
log-processing-system/services/log-ingestion/logger/logger.go:215.67,217.2 1 1
log-processing-system/services/log-ingestion/logger/logger.go:220.39,222.2 1 1
log-processing-system/services/log-ingestion/logger/logger.go:225.60,227.2 1 1
log-processing-system/services/log-ingestion/logger/logger.go:230.67,232.2 1 0
log-processing-system/services/log-ingestion/logger/logger.go:235.40,237.2 1 1
log-processing-system/services/log-ingestion/logger/logger.go:240.61,242.2 1 1
log-processing-system/services/log-ingestion/logger/logger.go:245.68,247.2 1 0
log-processing-system/services/log-ingestion/logger/logger.go:250.40,253.2 2 0
log-processing-system/services/log-ingestion/logger/logger.go:256.61,259.2 2 0
log-processing-system/services/log-ingestion/logger/logger.go:262.117,271.2 1 1
log-processing-system/services/log-ingestion/logger/logger.go:274.108,281.2 1 1
log-processing-system/services/log-ingestion/logger/logger.go:284.97,290.27 2 1
log-processing-system/services/log-ingestion/logger/logger.go:290.27,292.3 1 1
log-processing-system/services/log-ingestion/logger/logger.go:294.2,294.57 1 1
log-processing-system/services/log-ingestion/logger/logger.go:298.90,299.21 1 1
log-processing-system/services/log-ingestion/logger/logger.go:299.21,301.3 1 1
log-processing-system/services/log-ingestion/logger/logger.go:304.2,319.29 3 1
log-processing-system/services/log-ingestion/logger/logger.go:319.29,321.3 1 1
log-processing-system/services/log-ingestion/logger/logger.go:324.2,324.24 1 1
log-processing-system/services/log-ingestion/logger/logger.go:324.24,325.33 1 0
log-processing-system/services/log-ingestion/logger/logger.go:325.33,327.4 1 0
log-processing-system/services/log-ingestion/logger/logger.go:331.2,331.28 1 1
log-processing-system/services/log-ingestion/logger/logger.go:331.28,333.3 1 1
log-processing-system/services/log-ingestion/logger/logger.go:335.2,335.21 1 1
log-processing-system/services/log-ingestion/logger/logger.go:339.122,340.21 1 1
log-processing-system/services/log-ingestion/logger/logger.go:340.21,342.3 1 0
log-processing-system/services/log-ingestion/logger/logger.go:345.2,360.63 3 1
log-processing-system/services/log-ingestion/logger/logger.go:360.63,362.3 1 1
log-processing-system/services/log-ingestion/logger/logger.go:363.2,363.60 1 1
log-processing-system/services/log-ingestion/logger/logger.go:363.60,365.3 1 1
log-processing-system/services/log-ingestion/logger/logger.go:366.2,366.69 1 1
log-processing-system/services/log-ingestion/logger/logger.go:366.69,368.3 1 1
log-processing-system/services/log-ingestion/logger/logger.go:371.2,371.29 1 1
log-processing-system/services/log-ingestion/logger/logger.go:371.29,373.3 1 0
log-processing-system/services/log-ingestion/logger/logger.go:376.2,376.24 1 1
log-processing-system/services/log-ingestion/logger/logger.go:376.24,377.33 1 0
log-processing-system/services/log-ingestion/logger/logger.go:377.33,379.4 1 0
log-processing-system/services/log-ingestion/logger/logger.go:383.2,383.28 1 1
log-processing-system/services/log-ingestion/logger/logger.go:383.28,385.3 1 1
log-processing-system/services/log-ingestion/logger/logger.go:387.2,387.21 1 1
log-processing-system/services/log-ingestion/logger/logger.go:391.45,394.18 2 1
log-processing-system/services/log-ingestion/logger/logger.go:395.12,396.56 1 1
log-processing-system/services/log-ingestion/logger/logger.go:396.56,398.4 1 1
log-processing-system/services/log-ingestion/logger/logger.go:398.9,401.4 1 0
log-processing-system/services/log-ingestion/logger/logger.go:402.12,403.36 1 1
log-processing-system/services/log-ingestion/logger/logger.go:406.2,406.32 1 1
log-processing-system/services/log-ingestion/logger/logger.go:410.57,417.25 3 1
log-processing-system/services/log-ingestion/logger/logger.go:417.25,419.3 1 0
log-processing-system/services/log-ingestion/logger/logger.go:420.2,420.27 1 1
log-processing-system/services/log-ingestion/logger/logger.go:420.27,422.3 1 0
log-processing-system/services/log-ingestion/logger/logger.go:423.2,423.24 1 1
log-processing-system/services/log-ingestion/logger/logger.go:423.24,425.3 1 0
log-processing-system/services/log-ingestion/logger/logger.go:427.2,427.50 1 1
log-processing-system/services/log-ingestion/logger/logger.go:427.50,428.64 1 0
log-processing-system/services/log-ingestion/logger/logger.go:428.64,430.4 1 0
log-processing-system/services/log-ingestion/logger/logger.go:433.2,433.16 1 1
log-processing-system/services/log-ingestion/logger/logger.go:437.59,440.9 2 1
log-processing-system/services/log-ingestion/logger/logger.go:440.9,442.3 1 0
log-processing-system/services/log-ingestion/logger/logger.go:444.2,446.44 2 1
log-processing-system/services/log-ingestion/logger/logger.go:446.44,448.3 1 1
log-processing-system/services/log-ingestion/logger/logger.go:448.8,450.3 1 0
log-processing-system/services/log-ingestion/logger/logger.go:452.2,452.29 1 1
log-processing-system/services/log-ingestion/logger/logger.go:457.43,458.15 1 1
log-processing-system/services/log-ingestion/logger/logger.go:459.15,460.15 1 1
log-processing-system/services/log-ingestion/logger/logger.go:461.14,462.14 1 1
log-processing-system/services/log-ingestion/logger/logger.go:463.25,464.14 1 1
log-processing-system/services/log-ingestion/logger/logger.go:465.15,466.15 1 1
log-processing-system/services/log-ingestion/logger/logger.go:467.15,468.15 1 1
log-processing-system/services/log-ingestion/logger/logger.go:469.10,470.14 1 1
log-processing-system/services/log-ingestion/logger/logger.go:474.46,475.16 1 1
log-processing-system/services/log-ingestion/logger/logger.go:476.14,477.14 1 1
log-processing-system/services/log-ingestion/logger/logger.go:478.14,479.14 1 1
log-processing-system/services/log-ingestion/logger/logger.go:480.10,481.14 1 1
log-processing-system/services/log-ingestion/logger/logger.go:485.46,486.42 1 1
log-processing-system/services/log-ingestion/logger/logger.go:486.42,488.3 1 1
log-processing-system/services/log-ingestion/logger/logger.go:489.2,489.21 1 1
log-processing-system/services/log-ingestion/logger/logger.go:492.65,493.43 1 1
log-processing-system/services/log-ingestion/logger/logger.go:493.43,494.36 1 1
log-processing-system/services/log-ingestion/logger/logger.go:494.36,496.4 1 1
log-processing-system/services/log-ingestion/logger/logger.go:498.2,498.11 1 1
log-processing-system/services/log-ingestion/logger/logger.go:504.71,506.2 1 1
log-processing-system/services/log-ingestion/logger/logger.go:509.69,511.2 1 1
log-processing-system/services/log-ingestion/logger/logger.go:514.75,516.2 1 1
log-processing-system/services/log-ingestion/logger/logger.go:519.45,521.2 1 1
log-processing-system/services/log-ingestion/logger/logger.go:524.44,526.2 1 1
log-processing-system/services/log-ingestion/logger/logger.go:529.47,531.2 1 1
log-processing-system/services/log-ingestion/logger/logger.go:537.45,539.2 1 1
log-processing-system/services/log-ingestion/logger/logger.go:543.28,544.26 1 1
log-processing-system/services/log-ingestion/logger/logger.go:544.26,546.3 1 1
log-processing-system/services/log-ingestion/logger/logger.go:549.49,550.26 1 1
log-processing-system/services/log-ingestion/logger/logger.go:550.26,552.3 1 1
log-processing-system/services/log-ingestion/logger/logger.go:555.27,556.26 1 1
log-processing-system/services/log-ingestion/logger/logger.go:556.26,558.3 1 1
log-processing-system/services/log-ingestion/logger/logger.go:561.48,562.26 1 1
log-processing-system/services/log-ingestion/logger/logger.go:562.26,564.3 1 1
log-processing-system/services/log-ingestion/logger/logger.go:567.27,568.26 1 1
log-processing-system/services/log-ingestion/logger/logger.go:568.26,570.3 1 1
log-processing-system/services/log-ingestion/logger/logger.go:573.48,574.26 1 1
log-processing-system/services/log-ingestion/logger/logger.go:574.26,576.3 1 1
log-processing-system/services/log-ingestion/logger/logger.go:579.28,580.26 1 1
log-processing-system/services/log-ingestion/logger/logger.go:580.26,582.3 1 1
log-processing-system/services/log-ingestion/logger/logger.go:585.49,586.26 1 1
log-processing-system/services/log-ingestion/logger/logger.go:586.26,588.3 1 1
log-processing-system/services/log-ingestion/logger/logger.go:591.28,592.26 1 0
log-processing-system/services/log-ingestion/logger/logger.go:592.26,594.3 1 0
log-processing-system/services/log-ingestion/logger/logger.go:597.49,598.26 1 0
log-processing-system/services/log-ingestion/logger/logger.go:598.26,600.3 1 0
